<?xml version="1.0" encoding="UTF-8"?>
<!-- Generated by org.testng.reporters.JUnitReportReporter -->
<testsuite hostname="DESKTOP-07L7SGU" failures="0" tests="1" name="Com.Crm.BaseClass.BaseClassDWSPage" time="2.055" errors="0" timestamp="2024-12-11T15:18:09 IST" skipped="0">
  <testcase classname="Com.Crm.BaseClass.BaseClassDWSPage" name="test" time="2.055"/>
</testsuite> <!-- Com.Crm.BaseClass.BaseClassDWSPage -->
