<?xml version="1.0" encoding="UTF-8"?>
<!-- Generated by org.testng.reporters.JUnitReportReporter -->
<testsuite hostname="DESKTOP-07L7SGU" failures="0" tests="1" name="com.crm.finalMockA6.Task1" time="21.790" errors="0" timestamp="2024-12-12T11:54:59 IST" skipped="0">
  <testcase classname="com.crm.finalMockA6.Task1" name="giftCard" time="21.790"/>
</testsuite> <!-- com.crm.finalMockA6.Task1 -->
